[0] ✅ Theme CSS generated successfully at: D:\Website\blog001\themes\hugoplate\assets\css\generated-theme.css
[0] 👁️  Watching for changes to: D:\Website\blog001\data\theme.json
[1] port 1313 already in use, attempting to use an available port
[1] Watching for changes in D:/Website/blog001/assets/{css,images}, D:/Website/blog001/content/english/{about,authors,blog,contact,pages,...}, D:/Website/blog001/data, D:/Website/blog001/i18n, D:/Website/blog001/package.json, D:/Website/blog001/static/{.well-known,images}, D:/Website/blog001/themes/hugoplate/assets/{css,js,plugins}, D:/Website/blog001/themes/hugoplate/layouts/{_partials,authors,blog}
[1] Watching for config changes in D:\Website\blog001\hugo.toml, D:\Website\blog001\config\_default, D:\Website\blog001\config\development, D:\Website\blog001\go.mod
[1] Start building sites ... 
[1] hugo v0.158.0-f41be7959a44108641f1e081adf5c4be7fc1bb63+extended windows/amd64 BuildDate=2026-03-16T17:42:04Z VendorInfo=gohugoio
[1] 
[1] 
[1]                   │ EN  
[1] ──────────────────┼─────
[1]  Pages            │ 306 
[1]  Paginator pages  │   8 
[1]  Non-page files   │   0 
[1]  Static files     │  97 
[1]  Processed images │  12 
[1]  Aliases          │   1 
[1]  Cleaned          │   0 
[1] 
[1] Built in 2600 ms
[1] Environment: "development"
[1] Serving pages from disk
[1] Running in Fast Render Mode. For full rebuilds on change: hugo server --disableFastRender
[1] Web Server is available at //localhost:60318/ (bind address 127.0.0.1) 
[1] Press Ctrl+C to stop
[1] 
[1] Change detected, rebuilding site (#1).
[1] 2026-07-03 08:03:11.704 +1200
[1] Asset changed /css/generated-theme.css
[1] Web Server is available at //localhost:60318/ (bind address 127.0.0.1)
[1] Total in 721 ms
[1] hugo server exited with code 4294967295
