port 1313 already in use, attempting to use an available port
Watching for changes in D:/Website/blog001/assets/{css,images}, D:/Website/blog001/content/english/{about,authors,blog,contact,pages,...}, D:/Website/blog001/data, D:/Website/blog001/i18n, D:/Website/blog001/package.json, D:/Website/blog001/static/{.well-known,images}, D:/Website/blog001/themes/hugoplate/assets/{css,js,plugins}, D:/Website/blog001/themes/hugoplate/layouts/{_partials,authors,blog}
Watching for config changes in D:\Website\blog001\hugo.toml, D:\Website\blog001\config\_default, D:\Website\blog001\config\development, D:\Website\blog001\go.mod
Start building sites … 
hugo v0.158.0-f41be7959a44108641f1e081adf5c4be7fc1bb63+extended windows/amd64 BuildDate=2026-03-16T17:42:04Z VendorInfo=gohugoio


                  │ EN  
──────────────────┼─────
 Pages            │ 306 
 Paginator pages  │   8 
 Non-page files   │   0 
 Static files     │  98 
 Processed images │  12 
 Aliases          │   1 
 Cleaned          │   0 

Built in 2811 ms
Environment: "development"
Serving pages from disk
Running in Fast Render Mode. For full rebuilds on change: hugo server --disableFastRender
Web Server is available at //localhost:53961/ (bind address 127.0.0.1) 
Press Ctrl+C to stop
